<?xml version="1.0" encoding="UTF-8"?>
<testng-results ignored="0" total="2" passed="2" failed="0" skipped="0">
  <reporter-output>
  </reporter-output>
  <suite started-at="2023-09-15T18:57:29 EDT" name="Default suite" finished-at="2023-09-15T18:57:46 EDT" duration-ms="17387">
    <groups>
      <group name="cucumber">
        <method signature="AbstractTestNGCucumberTests.feature(cucumber.api.testng.CucumberFeatureWrapper)[pri:0, instance:testRunner.runnerClass@7fd50002]" name="feature" class="cucumber.api.testng.AbstractTestNGCucumberTests"/>
      </group> <!-- cucumber -->
    </groups>
    <test started-at="2023-09-15T18:57:29 EDT" name="Default test" finished-at="2023-09-15T18:57:46 EDT" duration-ms="17387">
      <class name="testRunner.runnerClass">
        <test-method is-config="true" signature="setUpClass()[pri:0, instance:testRunner.runnerClass@7fd50002]" started-at="2023-09-15T18:57:29 EDT" name="setUpClass" finished-at="2023-09-15T18:57:29 EDT" duration-ms="161" status="PASS">
          <reporter-output>
          </reporter-output>
        </test-method> <!-- setUpClass -->
        <test-method signature="feature(cucumber.api.testng.CucumberFeatureWrapper)[pri:0, instance:testRunner.runnerClass@7fd50002]" started-at="2023-09-15T18:57:29 EDT" name="feature" description="Runs Cucumber Feature" data-provider="features" finished-at="2023-09-15T18:57:39 EDT" duration-ms="9757" status="PASS">
          <params>
            <param index="0">
              <value>
                <![CDATA[]]>
              </value>
            </param>
          </params>
          <reporter-output>
          </reporter-output>
        </test-method> <!-- feature -->
        <test-method signature="feature(cucumber.api.testng.CucumberFeatureWrapper)[pri:0, instance:testRunner.runnerClass@7fd50002]" started-at="2023-09-15T18:57:39 EDT" name="feature" description="Runs Cucumber Feature" data-provider="features" finished-at="2023-09-15T18:57:46 EDT" duration-ms="7373" status="PASS">
          <params>
            <param index="0">
              <value>
                <![CDATA[This is a feature for login functionality]]>
              </value>
            </param>
          </params>
          <reporter-output>
          </reporter-output>
        </test-method> <!-- feature -->
        <test-method is-config="true" signature="tearDownClass()[pri:0, instance:testRunner.runnerClass@7fd50002]" started-at="2023-09-15T18:57:46 EDT" name="tearDownClass" finished-at="2023-09-15T18:57:46 EDT" duration-ms="8" status="PASS">
          <reporter-output>
          </reporter-output>
        </test-method> <!-- tearDownClass -->
      </class> <!-- testRunner.runnerClass -->
    </test> <!-- Default test -->
  </suite> <!-- Default suite -->
</testng-results>
